2025/10/09 15:44:38 [emerg] 1#1: "default_type" directive is duplicate in /etc/nginx/conf.d/default.conf:23
2025/10/09 15:44:39 [emerg] 1#1: "default_type" directive is duplicate in /etc/nginx/conf.d/default.conf:23
2025/10/09 15:44:39 [emerg] 1#1: "default_type" directive is duplicate in /etc/nginx/conf.d/default.conf:23
2025/10/09 15:44:39 [emerg] 1#1: "default_type" directive is duplicate in /etc/nginx/conf.d/default.conf:23
2025/10/09 15:44:40 [emerg] 1#1: "default_type" directive is duplicate in /etc/nginx/conf.d/default.conf:23
2025/10/09 15:44:42 [emerg] 1#1: "default_type" directive is duplicate in /etc/nginx/conf.d/default.conf:23
2025/10/09 15:44:45 [emerg] 1#1: "default_type" directive is duplicate in /etc/nginx/conf.d/default.conf:23
2025/10/09 15:44:52 [emerg] 1#1: "default_type" directive is duplicate in /etc/nginx/conf.d/default.conf:23
2025/10/09 15:45:05 [emerg] 1#1: "default_type" directive is duplicate in /etc/nginx/conf.d/default.conf:23
2025/10/09 15:45:30 [emerg] 1#1: "default_type" directive is duplicate in /etc/nginx/conf.d/default.conf:23
2025/10/09 15:46:22 [emerg] 1#1: "default_type" directive is duplicate in /etc/nginx/conf.d/default.conf:23
2025/10/09 15:47:22 [emerg] 1#1: "default_type" directive is duplicate in /etc/nginx/conf.d/default.conf:23
2025/10/09 15:48:22 [emerg] 1#1: "default_type" directive is duplicate in /etc/nginx/conf.d/default.conf:23
2025/10/09 15:49:22 [emerg] 1#1: "default_type" directive is duplicate in /etc/nginx/conf.d/default.conf:23
2025/10/09 15:50:22 [emerg] 1#1: "default_type" directive is duplicate in /etc/nginx/conf.d/default.conf:23
2025/10/09 15:51:22 [emerg] 1#1: "default_type" directive is duplicate in /etc/nginx/conf.d/default.conf:23
2025/10/09 15:52:22 [emerg] 1#1: "default_type" directive is duplicate in /etc/nginx/conf.d/default.conf:23
2025/10/09 15:53:22 [emerg] 1#1: "default_type" directive is duplicate in /etc/nginx/conf.d/default.conf:23
2025/10/09 15:54:23 [emerg] 1#1: "default_type" directive is duplicate in /etc/nginx/conf.d/default.conf:23
2025/10/09 15:55:23 [emerg] 1#1: "default_type" directive is duplicate in /etc/nginx/conf.d/default.conf:23
2025/10/09 15:56:23 [emerg] 1#1: "default_type" directive is duplicate in /etc/nginx/conf.d/default.conf:23
2025/10/09 15:57:23 [emerg] 1#1: "default_type" directive is duplicate in /etc/nginx/conf.d/default.conf:23
2025/10/09 16:15:14 [emerg] 1#1: "default_type" directive is duplicate in /etc/nginx/conf.d/default.conf:23
2025/10/09 16:15:14 [emerg] 1#1: "default_type" directive is duplicate in /etc/nginx/conf.d/default.conf:23
2025/10/09 16:15:14 [emerg] 1#1: "default_type" directive is duplicate in /etc/nginx/conf.d/default.conf:23
2025/10/09 16:15:15 [emerg] 1#1: "default_type" directive is duplicate in /etc/nginx/conf.d/default.conf:23
2025/10/09 16:15:16 [emerg] 1#1: "default_type" directive is duplicate in /etc/nginx/conf.d/default.conf:23
2025/10/09 16:15:18 [emerg] 1#1: "default_type" directive is duplicate in /etc/nginx/conf.d/default.conf:23
2025/10/09 16:15:21 [emerg] 1#1: "default_type" directive is duplicate in /etc/nginx/conf.d/default.conf:23
2025/10/09 16:15:27 [emerg] 1#1: "default_type" directive is duplicate in /etc/nginx/conf.d/default.conf:23
2025/10/09 16:15:40 [emerg] 1#1: "default_type" directive is duplicate in /etc/nginx/conf.d/default.conf:23
2025/10/09 16:16:06 [emerg] 1#1: "default_type" directive is duplicate in /etc/nginx/conf.d/default.conf:23
2025/10/09 16:16:57 [emerg] 1#1: "default_type" directive is duplicate in /etc/nginx/conf.d/default.conf:23
2025/10/09 16:17:57 [emerg] 1#1: "default_type" directive is duplicate in /etc/nginx/conf.d/default.conf:23
2025/10/09 16:18:58 [emerg] 1#1: "default_type" directive is duplicate in /etc/nginx/conf.d/default.conf:23
2025/10/09 16:19:58 [emerg] 1#1: "default_type" directive is duplicate in /etc/nginx/conf.d/default.conf:23
2025/10/09 16:20:58 [emerg] 1#1: "default_type" directive is duplicate in /etc/nginx/conf.d/default.conf:23
2025/10/09 16:21:58 [emerg] 1#1: "default_type" directive is duplicate in /etc/nginx/conf.d/default.conf:23
2025/10/09 16:22:58 [emerg] 1#1: "default_type" directive is duplicate in /etc/nginx/conf.d/default.conf:23
2025/10/09 16:23:58 [emerg] 1#1: "default_type" directive is duplicate in /etc/nginx/conf.d/default.conf:23
2025/10/09 16:24:58 [emerg] 1#1: "default_type" directive is duplicate in /etc/nginx/conf.d/default.conf:23
2025/10/09 16:25:58 [emerg] 1#1: "default_type" directive is duplicate in /etc/nginx/conf.d/default.conf:23
2025/10/09 16:46:50 [emerg] 1#1: "default_type" directive is duplicate in /etc/nginx/conf.d/default.conf:23
2025/10/09 16:46:50 [emerg] 1#1: "default_type" directive is duplicate in /etc/nginx/conf.d/default.conf:23
2025/10/09 16:46:50 [emerg] 1#1: "default_type" directive is duplicate in /etc/nginx/conf.d/default.conf:23
2025/10/09 16:46:51 [emerg] 1#1: "default_type" directive is duplicate in /etc/nginx/conf.d/default.conf:23
2025/10/09 16:46:52 [emerg] 1#1: "default_type" directive is duplicate in /etc/nginx/conf.d/default.conf:23
2025/10/09 16:46:53 [emerg] 1#1: "default_type" directive is duplicate in /etc/nginx/conf.d/default.conf:23
2025/10/09 16:46:57 [emerg] 1#1: "default_type" directive is duplicate in /etc/nginx/conf.d/default.conf:23
2025/10/09 16:47:03 [emerg] 1#1: "default_type" directive is duplicate in /etc/nginx/conf.d/default.conf:23
2025/10/09 16:47:16 [emerg] 1#1: "default_type" directive is duplicate in /etc/nginx/conf.d/default.conf:23
2025/10/09 16:47:42 [emerg] 1#1: "default_type" directive is duplicate in /etc/nginx/conf.d/default.conf:23
2025/10/09 16:49:56 [emerg] 1#1: "default_type" directive is duplicate in /etc/nginx/conf.d/default.conf:23
2025/10/09 16:49:56 [emerg] 1#1: "default_type" directive is duplicate in /etc/nginx/conf.d/default.conf:23
2025/10/09 16:49:56 [emerg] 1#1: "default_type" directive is duplicate in /etc/nginx/conf.d/default.conf:23
2025/10/09 16:49:57 [emerg] 1#1: "default_type" directive is duplicate in /etc/nginx/conf.d/default.conf:23
2025/10/09 16:49:58 [emerg] 1#1: "default_type" directive is duplicate in /etc/nginx/conf.d/default.conf:23
2025/10/09 16:50:00 [emerg] 1#1: "default_type" directive is duplicate in /etc/nginx/conf.d/default.conf:23
2025/10/09 16:50:03 [emerg] 1#1: "default_type" directive is duplicate in /etc/nginx/conf.d/default.conf:23
2025/10/09 16:50:09 [emerg] 1#1: "default_type" directive is duplicate in /etc/nginx/conf.d/default.conf:23
2025/10/09 16:50:22 [emerg] 1#1: "default_type" directive is duplicate in /etc/nginx/conf.d/default.conf:23
2025/10/09 16:50:48 [emerg] 1#1: "default_type" directive is duplicate in /etc/nginx/conf.d/default.conf:23
2025/10/09 16:51:39 [emerg] 1#1: "default_type" directive is duplicate in /etc/nginx/conf.d/default.conf:23
2025/10/09 16:52:39 [emerg] 1#1: "default_type" directive is duplicate in /etc/nginx/conf.d/default.conf:23
2025/10/09 16:53:40 [emerg] 1#1: "default_type" directive is duplicate in /etc/nginx/conf.d/default.conf:23
2025/10/09 16:54:40 [emerg] 1#1: "default_type" directive is duplicate in /etc/nginx/conf.d/default.conf:23
2025/10/09 16:55:40 [emerg] 1#1: "default_type" directive is duplicate in /etc/nginx/conf.d/default.conf:23
2025/10/09 16:56:40 [emerg] 1#1: "default_type" directive is duplicate in /etc/nginx/conf.d/default.conf:23
2025/10/09 16:57:40 [emerg] 1#1: "default_type" directive is duplicate in /etc/nginx/conf.d/default.conf:23
2025/10/09 16:58:40 [emerg] 1#1: "default_type" directive is duplicate in /etc/nginx/conf.d/default.conf:23
2025/10/09 16:59:40 [emerg] 1#1: "default_type" directive is duplicate in /etc/nginx/conf.d/default.conf:23
2025/10/09 17:00:40 [emerg] 1#1: "default_type" directive is duplicate in /etc/nginx/conf.d/default.conf:23
2025/10/09 17:01:40 [emerg] 1#1: "default_type" directive is duplicate in /etc/nginx/conf.d/default.conf:23
2025/10/09 17:02:41 [emerg] 1#1: "default_type" directive is duplicate in /etc/nginx/conf.d/default.conf:23
2025/10/09 17:03:41 [emerg] 1#1: "default_type" directive is duplicate in /etc/nginx/conf.d/default.conf:23
2025/10/09 17:04:41 [emerg] 1#1: "default_type" directive is duplicate in /etc/nginx/conf.d/default.conf:23
2025/10/09 17:05:41 [emerg] 1#1: "default_type" directive is duplicate in /etc/nginx/conf.d/default.conf:23
2025/10/09 17:06:41 [emerg] 1#1: "default_type" directive is duplicate in /etc/nginx/conf.d/default.conf:23
2025/10/09 17:07:41 [emerg] 1#1: "default_type" directive is duplicate in /etc/nginx/conf.d/default.conf:23
2025/10/09 17:08:41 [emerg] 1#1: "default_type" directive is duplicate in /etc/nginx/conf.d/default.conf:23
2025/10/09 17:09:41 [emerg] 1#1: unexpected "}" in /etc/nginx/conf.d/default.conf:137
2025/10/09 17:10:42 [emerg] 1#1: unexpected "}" in /etc/nginx/conf.d/default.conf:137
2025/10/09 17:11:42 [emerg] 1#1: unexpected "}" in /etc/nginx/conf.d/default.conf:137
2025/10/09 17:12:42 [emerg] 1#1: unexpected "}" in /etc/nginx/conf.d/default.conf:137
2025/10/09 17:13:42 [emerg] 1#1: unexpected "}" in /etc/nginx/conf.d/default.conf:137
2025/10/09 17:14:42 [emerg] 1#1: unexpected "}" in /etc/nginx/conf.d/default.conf:137
2025/10/09 17:15:48 [emerg] 1#1: unexpected "}" in /etc/nginx/conf.d/default.conf:137
2025/10/09 17:15:48 [emerg] 1#1: unexpected "}" in /etc/nginx/conf.d/default.conf:137
2025/10/09 17:15:48 [emerg] 1#1: unexpected "}" in /etc/nginx/conf.d/default.conf:137
2025/10/09 17:15:49 [emerg] 1#1: unexpected "}" in /etc/nginx/conf.d/default.conf:137
2025/10/09 17:15:49 [emerg] 1#1: unexpected "}" in /etc/nginx/conf.d/default.conf:137
2025/10/09 17:15:51 [emerg] 1#1: unexpected "}" in /etc/nginx/conf.d/default.conf:137
2025/10/09 17:15:55 [emerg] 1#1: unexpected "}" in /etc/nginx/conf.d/default.conf:137
2025/10/09 17:16:01 [emerg] 1#1: unexpected "}" in /etc/nginx/conf.d/default.conf:137
2025/10/09 17:16:14 [emerg] 1#1: unexpected "}" in /etc/nginx/conf.d/default.conf:137
2025/10/09 17:16:40 [emerg] 1#1: unexpected "}" in /etc/nginx/conf.d/default.conf:137
2025/10/09 17:17:31 [emerg] 1#1: unexpected "}" in /etc/nginx/conf.d/default.conf:137
2025/10/09 17:18:15 [notice] 1#1: using the "epoll" event method
2025/10/09 17:18:15 [notice] 1#1: nginx/1.29.2
2025/10/09 17:18:15 [notice] 1#1: built by gcc 14.2.0 (Alpine 14.2.0) 
2025/10/09 17:18:15 [notice] 1#1: OS: Linux 6.10.14-linuxkit
2025/10/09 17:18:15 [notice] 1#1: getrlimit(RLIMIT_NOFILE): 1048576:1048576
2025/10/09 17:18:15 [notice] 1#1: start worker processes
2025/10/09 17:18:15 [notice] 1#1: start worker process 21
2025/10/09 17:18:15 [notice] 1#1: start worker process 22
2025/10/09 17:18:15 [notice] 1#1: start worker process 23
2025/10/09 17:18:15 [notice] 1#1: start worker process 24
2025/10/09 17:18:15 [notice] 1#1: start worker process 25
2025/10/09 17:18:15 [notice] 1#1: start worker process 26
2025/10/09 17:18:15 [notice] 1#1: start worker process 27
2025/10/09 17:18:15 [notice] 1#1: start worker process 28
2025/10/09 17:18:15 [notice] 1#1: start worker process 29
2025/10/09 17:18:15 [notice] 1#1: start worker process 30
2025/10/09 17:18:15 [notice] 1#1: start worker process 31
2025/10/09 17:18:15 [notice] 1#1: start worker process 32
2025/10/09 17:22:46 [notice] 1#1: signal 3 (SIGQUIT) received, shutting down
2025/10/09 17:22:46 [notice] 21#21: gracefully shutting down
2025/10/09 17:22:46 [notice] 26#26: gracefully shutting down
2025/10/09 17:22:46 [notice] 23#23: gracefully shutting down
2025/10/09 17:22:46 [notice] 21#21: exiting
2025/10/09 17:22:46 [notice] 25#25: gracefully shutting down
2025/10/09 17:22:46 [notice] 22#22: gracefully shutting down
2025/10/09 17:22:46 [notice] 24#24: gracefully shutting down
2025/10/09 17:22:46 [notice] 28#28: gracefully shutting down
2025/10/09 17:22:46 [notice] 29#29: gracefully shutting down
2025/10/09 17:22:46 [notice] 25#25: exiting
2025/10/09 17:22:46 [notice] 31#31: gracefully shutting down
2025/10/09 17:22:46 [notice] 30#30: gracefully shutting down
2025/10/09 17:22:46 [notice] 29#29: exiting
2025/10/09 17:22:46 [notice] 32#32: gracefully shutting down
2025/10/09 17:22:46 [notice] 27#27: gracefully shutting down
2025/10/09 17:22:46 [notice] 26#26: exiting
2025/10/09 17:22:46 [notice] 23#23: exiting
2025/10/09 17:22:46 [notice] 21#21: exit
2025/10/09 17:22:46 [notice] 32#32: exiting
2025/10/09 17:22:46 [notice] 22#22: exiting
2025/10/09 17:22:46 [notice] 28#28: exiting
2025/10/09 17:22:46 [notice] 32#32: exit
2025/10/09 17:22:46 [notice] 24#24: exiting
2025/10/09 17:22:46 [notice] 28#28: exit
2025/10/09 17:22:46 [notice] 25#25: exit
2025/10/09 17:22:46 [notice] 31#31: exiting
2025/10/09 17:22:46 [notice] 30#30: exiting
2025/10/09 17:22:46 [notice] 29#29: exit
2025/10/09 17:22:46 [notice] 27#27: exiting
2025/10/09 17:22:46 [notice] 30#30: exit
2025/10/09 17:22:46 [notice] 26#26: exit
2025/10/09 17:22:46 [notice] 23#23: exit
2025/10/09 17:22:46 [notice] 22#22: exit
2025/10/09 17:22:46 [notice] 24#24: exit
2025/10/09 17:22:46 [notice] 31#31: exit
2025/10/09 17:22:46 [notice] 27#27: exit
2025/10/09 17:22:46 [notice] 1#1: signal 17 (SIGCHLD) received from 21
2025/10/09 17:22:46 [notice] 1#1: worker process 21 exited with code 0
2025/10/09 17:22:46 [notice] 1#1: signal 29 (SIGIO) received
2025/10/09 17:22:46 [notice] 1#1: signal 17 (SIGCHLD) received from 32
2025/10/09 17:22:46 [notice] 1#1: worker process 25 exited with code 0
2025/10/09 17:22:46 [notice] 1#1: worker process 22 exited with code 0
2025/10/09 17:22:46 [notice] 1#1: worker process 23 exited with code 0
2025/10/09 17:22:46 [notice] 1#1: worker process 24 exited with code 0
2025/10/09 17:22:46 [notice] 1#1: worker process 26 exited with code 0
2025/10/09 17:22:46 [notice] 1#1: worker process 27 exited with code 0
2025/10/09 17:22:46 [notice] 1#1: worker process 28 exited with code 0
2025/10/09 17:22:46 [notice] 1#1: worker process 29 exited with code 0
2025/10/09 17:22:46 [notice] 1#1: worker process 30 exited with code 0
2025/10/09 17:22:46 [notice] 1#1: worker process 31 exited with code 0
2025/10/09 17:22:46 [notice] 1#1: worker process 32 exited with code 0
2025/10/09 17:22:46 [notice] 1#1: exit
2025/10/09 17:23:14 [notice] 1#1: using the "epoll" event method
2025/10/09 17:23:14 [notice] 1#1: nginx/1.29.2
2025/10/09 17:23:14 [notice] 1#1: built by gcc 14.2.0 (Alpine 14.2.0) 
2025/10/09 17:23:14 [notice] 1#1: OS: Linux 6.10.14-linuxkit
2025/10/09 17:23:14 [notice] 1#1: getrlimit(RLIMIT_NOFILE): 1048576:1048576
2025/10/09 17:23:14 [notice] 1#1: start worker processes
2025/10/09 17:23:14 [notice] 1#1: start worker process 21
2025/10/09 17:23:14 [notice] 1#1: start worker process 22
2025/10/09 17:23:14 [notice] 1#1: start worker process 23
2025/10/09 17:23:14 [notice] 1#1: start worker process 24
2025/10/09 17:23:14 [notice] 1#1: start worker process 25
2025/10/09 17:23:14 [notice] 1#1: start worker process 26
2025/10/09 17:23:14 [notice] 1#1: start worker process 27
2025/10/09 17:23:14 [notice] 1#1: start worker process 28
2025/10/09 17:23:14 [notice] 1#1: start worker process 29
2025/10/09 17:23:14 [notice] 1#1: start worker process 30
2025/10/09 17:23:14 [notice] 1#1: start worker process 31
2025/10/09 17:23:14 [notice] 1#1: start worker process 32
2025/10/09 17:56:46 [notice] 1#1: signal 3 (SIGQUIT) received, shutting down
2025/10/09 17:56:46 [notice] 22#22: gracefully shutting down
2025/10/09 17:56:46 [notice] 31#31: gracefully shutting down
2025/10/09 17:56:46 [notice] 21#21: gracefully shutting down
2025/10/09 17:56:46 [notice] 23#23: gracefully shutting down
2025/10/09 17:56:46 [notice] 24#24: gracefully shutting down
2025/10/09 17:56:46 [notice] 25#25: gracefully shutting down
2025/10/09 17:56:46 [notice] 26#26: gracefully shutting down
2025/10/09 17:56:46 [notice] 27#27: gracefully shutting down
2025/10/09 17:56:46 [notice] 25#25: exiting
2025/10/09 17:56:46 [notice] 28#28: gracefully shutting down
2025/10/09 17:56:46 [notice] 30#30: gracefully shutting down
2025/10/09 17:56:46 [notice] 32#32: gracefully shutting down
2025/10/09 17:56:46 [notice] 29#29: gracefully shutting down
2025/10/09 17:56:46 [notice] 31#31: exiting
2025/10/09 17:56:46 [notice] 22#22: exiting
2025/10/09 17:56:46 [notice] 29#29: exiting
2025/10/09 17:56:46 [notice] 21#21: exiting
2025/10/09 17:56:46 [notice] 23#23: exiting
2025/10/09 17:56:46 [notice] 29#29: exit
2025/10/09 17:56:46 [notice] 24#24: exiting
2025/10/09 17:56:46 [notice] 26#26: exiting
2025/10/09 17:56:46 [notice] 27#27: exiting
2025/10/09 17:56:46 [notice] 25#25: exit
2025/10/09 17:56:46 [notice] 28#28: exiting
2025/10/09 17:56:46 [notice] 30#30: exiting
2025/10/09 17:56:46 [notice] 32#32: exiting
2025/10/09 17:56:46 [notice] 31#31: exit
2025/10/09 17:56:46 [notice] 22#22: exit
2025/10/09 17:56:46 [notice] 21#21: exit
2025/10/09 17:56:46 [notice] 23#23: exit
2025/10/09 17:56:46 [notice] 24#24: exit
2025/10/09 17:56:46 [notice] 26#26: exit
2025/10/09 17:56:46 [notice] 27#27: exit
2025/10/09 17:56:46 [notice] 28#28: exit
2025/10/09 17:56:46 [notice] 30#30: exit
2025/10/09 17:56:46 [notice] 32#32: exit
2025/10/09 17:56:46 [notice] 1#1: signal 17 (SIGCHLD) received from 27
2025/10/09 17:56:46 [notice] 1#1: worker process 25 exited with code 0
2025/10/09 17:56:46 [notice] 1#1: worker process 24 exited with code 0
2025/10/09 17:56:46 [notice] 1#1: worker process 21 exited with code 0
2025/10/09 17:56:46 [notice] 1#1: worker process 23 exited with code 0
2025/10/09 17:56:46 [notice] 1#1: worker process 26 exited with code 0
2025/10/09 17:56:46 [notice] 1#1: worker process 27 exited with code 0
2025/10/09 17:56:46 [notice] 1#1: worker process 28 exited with code 0
2025/10/09 17:56:46 [notice] 1#1: worker process 29 exited with code 0
2025/10/09 17:56:46 [notice] 1#1: worker process 31 exited with code 0
2025/10/09 17:56:46 [notice] 1#1: worker process 32 exited with code 0
2025/10/09 17:56:46 [notice] 1#1: signal 29 (SIGIO) received
2025/10/09 17:56:46 [notice] 1#1: signal 17 (SIGCHLD) received from 25
2025/10/09 17:56:46 [notice] 1#1: signal 17 (SIGCHLD) received from 22
2025/10/09 17:56:46 [notice] 1#1: worker process 22 exited with code 0
2025/10/09 17:56:46 [notice] 1#1: worker process 30 exited with code 0
2025/10/09 17:56:46 [notice] 1#1: exit
2025/10/09 17:59:37 [notice] 1#1: using the "epoll" event method
2025/10/09 17:59:37 [notice] 1#1: nginx/1.29.2
2025/10/09 17:59:37 [notice] 1#1: built by gcc 14.2.0 (Alpine 14.2.0) 
2025/10/09 17:59:37 [notice] 1#1: OS: Linux 6.10.14-linuxkit
2025/10/09 17:59:37 [notice] 1#1: getrlimit(RLIMIT_NOFILE): 1048576:1048576
2025/10/09 17:59:37 [notice] 1#1: start worker processes
2025/10/09 17:59:37 [notice] 1#1: start worker process 21
2025/10/09 17:59:37 [notice] 1#1: start worker process 22
2025/10/09 17:59:37 [notice] 1#1: start worker process 23
2025/10/09 17:59:37 [notice] 1#1: start worker process 24
2025/10/09 17:59:37 [notice] 1#1: start worker process 25
2025/10/09 17:59:37 [notice] 1#1: start worker process 26
2025/10/09 17:59:37 [notice] 1#1: start worker process 27
2025/10/09 17:59:37 [notice] 1#1: start worker process 28
2025/10/09 17:59:37 [notice] 1#1: start worker process 29
2025/10/09 17:59:37 [notice] 1#1: start worker process 30
2025/10/09 17:59:37 [notice] 1#1: start worker process 31
2025/10/09 17:59:37 [notice] 1#1: start worker process 32
2025/10/09 18:23:13 [notice] 1#1: signal 3 (SIGQUIT) received, shutting down
2025/10/09 18:23:13 [notice] 21#21: gracefully shutting down
2025/10/09 18:23:13 [notice] 24#24: gracefully shutting down
2025/10/09 18:23:13 [notice] 23#23: gracefully shutting down
2025/10/09 18:23:13 [notice] 22#22: gracefully shutting down
2025/10/09 18:23:13 [notice] 25#25: gracefully shutting down
2025/10/09 18:23:13 [notice] 26#26: gracefully shutting down
2025/10/09 18:23:13 [notice] 27#27: gracefully shutting down
2025/10/09 18:23:13 [notice] 25#25: exiting
2025/10/09 18:23:13 [notice] 31#31: gracefully shutting down
2025/10/09 18:23:13 [notice] 30#30: gracefully shutting down
2025/10/09 18:23:13 [notice] 21#21: exiting
2025/10/09 18:23:13 [notice] 28#28: gracefully shutting down
2025/10/09 18:23:13 [notice] 29#29: gracefully shutting down
2025/10/09 18:23:13 [notice] 32#32: gracefully shutting down
2025/10/09 18:23:13 [notice] 28#28: exiting
2025/10/09 18:23:13 [notice] 24#24: exiting
2025/10/09 18:23:13 [notice] 23#23: exiting
2025/10/09 18:23:13 [notice] 22#22: exiting
2025/10/09 18:23:13 [notice] 27#27: exiting
2025/10/09 18:23:13 [notice] 26#26: exiting
2025/10/09 18:23:13 [notice] 25#25: exit
2025/10/09 18:23:13 [notice] 31#31: exiting
2025/10/09 18:23:13 [notice] 30#30: exiting
2025/10/09 18:23:13 [notice] 21#21: exit
2025/10/09 18:23:13 [notice] 31#31: exit
2025/10/09 18:23:13 [notice] 29#29: exiting
2025/10/09 18:23:13 [notice] 32#32: exiting
2025/10/09 18:23:13 [notice] 28#28: exit
2025/10/09 18:23:13 [notice] 24#24: exit
2025/10/09 18:23:13 [notice] 23#23: exit
2025/10/09 18:23:13 [notice] 22#22: exit
2025/10/09 18:23:13 [notice] 27#27: exit
2025/10/09 18:23:13 [notice] 26#26: exit
2025/10/09 18:23:13 [notice] 30#30: exit
2025/10/09 18:23:13 [notice] 29#29: exit
2025/10/09 18:23:13 [notice] 32#32: exit
2025/10/09 18:23:13 [notice] 1#1: signal 17 (SIGCHLD) received from 29
2025/10/09 18:23:13 [notice] 1#1: worker process 26 exited with code 0
2025/10/09 18:23:13 [notice] 1#1: worker process 29 exited with code 0
2025/10/09 18:23:13 [notice] 1#1: worker process 30 exited with code 0
2025/10/09 18:23:13 [notice] 1#1: worker process 31 exited with code 0
2025/10/09 18:23:13 [notice] 1#1: worker process 32 exited with code 0
2025/10/09 18:23:13 [notice] 1#1: signal 29 (SIGIO) received
2025/10/09 18:23:13 [notice] 1#1: signal 17 (SIGCHLD) received from 32
2025/10/09 18:23:13 [notice] 1#1: signal 17 (SIGCHLD) received from 27
2025/10/09 18:23:13 [notice] 1#1: worker process 23 exited with code 0
2025/10/09 18:23:13 [notice] 1#1: worker process 25 exited with code 0
2025/10/09 18:23:13 [notice] 1#1: worker process 21 exited with code 0
2025/10/09 18:23:13 [notice] 1#1: worker process 27 exited with code 0
2025/10/09 18:23:13 [notice] 1#1: worker process 28 exited with code 0
2025/10/09 18:23:13 [notice] 1#1: signal 29 (SIGIO) received
2025/10/09 18:23:13 [notice] 1#1: signal 17 (SIGCHLD) received from 28
2025/10/09 18:23:13 [notice] 1#1: signal 17 (SIGCHLD) received from 24
2025/10/09 18:23:13 [notice] 1#1: worker process 22 exited with code 0
2025/10/09 18:23:13 [notice] 1#1: worker process 24 exited with code 0
2025/10/09 18:23:13 [notice] 1#1: exit
2025/10/09 18:23:39 [notice] 1#1: using the "epoll" event method
2025/10/09 18:23:39 [notice] 1#1: nginx/1.29.2
2025/10/09 18:23:39 [notice] 1#1: built by gcc 14.2.0 (Alpine 14.2.0) 
2025/10/09 18:23:39 [notice] 1#1: OS: Linux 6.10.14-linuxkit
2025/10/09 18:23:39 [notice] 1#1: getrlimit(RLIMIT_NOFILE): 1048576:1048576
2025/10/09 18:23:39 [notice] 1#1: start worker processes
2025/10/09 18:23:39 [notice] 1#1: start worker process 21
2025/10/09 18:23:39 [notice] 1#1: start worker process 22
2025/10/09 18:23:39 [notice] 1#1: start worker process 23
2025/10/09 18:23:39 [notice] 1#1: start worker process 24
2025/10/09 18:23:39 [notice] 1#1: start worker process 25
2025/10/09 18:23:39 [notice] 1#1: start worker process 26
2025/10/09 18:23:39 [notice] 1#1: start worker process 27
2025/10/09 18:23:39 [notice] 1#1: start worker process 28
2025/10/09 18:23:39 [notice] 1#1: start worker process 29
2025/10/09 18:23:39 [notice] 1#1: start worker process 30
2025/10/09 18:23:39 [notice] 1#1: start worker process 31
2025/10/09 18:23:39 [notice] 1#1: start worker process 32
2025/10/09 18:25:48 [notice] 1#1: signal 3 (SIGQUIT) received, shutting down
2025/10/09 18:25:48 [notice] 21#21: gracefully shutting down
2025/10/09 18:25:48 [notice] 32#32: gracefully shutting down
2025/10/09 18:25:48 [notice] 24#24: gracefully shutting down
2025/10/09 18:25:48 [notice] 22#22: gracefully shutting down
2025/10/09 18:25:48 [notice] 23#23: gracefully shutting down
2025/10/09 18:25:48 [notice] 23#23: exiting
2025/10/09 18:25:48 [notice] 27#27: gracefully shutting down
2025/10/09 18:25:48 [notice] 25#25: gracefully shutting down
2025/10/09 18:25:48 [notice] 26#26: gracefully shutting down
2025/10/09 18:25:48 [notice] 26#26: exiting
2025/10/09 18:25:48 [notice] 28#28: gracefully shutting down
2025/10/09 18:25:48 [notice] 28#28: exiting
2025/10/09 18:25:48 [notice] 29#29: gracefully shutting down
2025/10/09 18:25:48 [notice] 29#29: exiting
2025/10/09 18:25:48 [notice] 30#30: gracefully shutting down
2025/10/09 18:25:48 [notice] 21#21: exiting
2025/10/09 18:25:48 [notice] 31#31: gracefully shutting down
2025/10/09 18:25:48 [notice] 32#32: exiting
2025/10/09 18:25:48 [notice] 24#24: exiting
2025/10/09 18:25:48 [notice] 22#22: exiting
2025/10/09 18:25:48 [notice] 23#23: exit
2025/10/09 18:25:48 [notice] 27#27: exiting
2025/10/09 18:25:48 [notice] 25#25: exiting
2025/10/09 18:25:48 [notice] 26#26: exit
2025/10/09 18:25:48 [notice] 28#28: exit
2025/10/09 18:25:48 [notice] 30#30: exiting
2025/10/09 18:25:48 [notice] 29#29: exit
2025/10/09 18:25:48 [notice] 30#30: exit
2025/10/09 18:25:48 [notice] 21#21: exit
2025/10/09 18:25:48 [notice] 31#31: exiting
2025/10/09 18:25:48 [notice] 32#32: exit
2025/10/09 18:25:48 [notice] 24#24: exit
2025/10/09 18:25:48 [notice] 22#22: exit
2025/10/09 18:25:48 [notice] 27#27: exit
2025/10/09 18:25:48 [notice] 25#25: exit
2025/10/09 18:25:48 [notice] 31#31: exit
2025/10/09 18:25:48 [notice] 1#1: signal 17 (SIGCHLD) received from 23
2025/10/09 18:25:48 [notice] 1#1: worker process 23 exited with code 0
2025/10/09 18:25:48 [notice] 1#1: worker process 21 exited with code 0
2025/10/09 18:25:48 [notice] 1#1: worker process 30 exited with code 0
2025/10/09 18:25:48 [notice] 1#1: worker process 32 exited with code 0
2025/10/09 18:25:48 [notice] 1#1: signal 29 (SIGIO) received
2025/10/09 18:25:48 [notice] 1#1: signal 17 (SIGCHLD) received from 30
2025/10/09 18:25:48 [notice] 1#1: signal 17 (SIGCHLD) received from 25
2025/10/09 18:25:48 [notice] 1#1: worker process 25 exited with code 0
2025/10/09 18:25:48 [notice] 1#1: worker process 27 exited with code 0
2025/10/09 18:25:48 [notice] 1#1: worker process 28 exited with code 0
2025/10/09 18:25:48 [notice] 1#1: worker process 31 exited with code 0
2025/10/09 18:25:48 [notice] 1#1: signal 29 (SIGIO) received
2025/10/09 18:25:48 [notice] 1#1: signal 17 (SIGCHLD) received from 28
2025/10/09 18:25:48 [notice] 1#1: worker process 22 exited with code 0
2025/10/09 18:25:48 [notice] 1#1: worker process 24 exited with code 0
2025/10/09 18:25:48 [notice] 1#1: worker process 26 exited with code 0
2025/10/09 18:25:48 [notice] 1#1: worker process 29 exited with code 0
2025/10/09 18:25:48 [notice] 1#1: exit
2025/10/09 18:26:11 [notice] 1#1: using the "epoll" event method
2025/10/09 18:26:11 [notice] 1#1: nginx/1.29.2
2025/10/09 18:26:11 [notice] 1#1: built by gcc 14.2.0 (Alpine 14.2.0) 
2025/10/09 18:26:11 [notice] 1#1: OS: Linux 6.10.14-linuxkit
2025/10/09 18:26:11 [notice] 1#1: getrlimit(RLIMIT_NOFILE): 1048576:1048576
2025/10/09 18:26:11 [notice] 1#1: start worker processes
2025/10/09 18:26:11 [notice] 1#1: start worker process 21
2025/10/09 18:26:11 [notice] 1#1: start worker process 22
2025/10/09 18:26:11 [notice] 1#1: start worker process 23
2025/10/09 18:26:11 [notice] 1#1: start worker process 24
2025/10/09 18:26:11 [notice] 1#1: start worker process 25
2025/10/09 18:26:11 [notice] 1#1: start worker process 26
2025/10/09 18:26:11 [notice] 1#1: start worker process 27
2025/10/09 18:26:11 [notice] 1#1: start worker process 28
2025/10/09 18:26:11 [notice] 1#1: start worker process 29
2025/10/09 18:26:11 [notice] 1#1: start worker process 30
2025/10/09 18:26:11 [notice] 1#1: start worker process 31
2025/10/09 18:26:11 [notice] 1#1: start worker process 32
2025/10/10 09:42:59 [notice] 1#1: signal 3 (SIGQUIT) received, shutting down
2025/10/10 09:42:59 [notice] 22#22: gracefully shutting down
2025/10/10 09:42:59 [notice] 21#21: gracefully shutting down
2025/10/10 09:42:59 [notice] 22#22: exiting
2025/10/10 09:42:59 [notice] 24#24: gracefully shutting down
2025/10/10 09:42:59 [notice] 26#26: gracefully shutting down
2025/10/10 09:42:59 [notice] 25#25: gracefully shutting down
2025/10/10 09:42:59 [notice] 24#24: exiting
2025/10/10 09:42:59 [notice] 27#27: gracefully shutting down
2025/10/10 09:42:59 [notice] 28#28: gracefully shutting down
2025/10/10 09:42:59 [notice] 29#29: gracefully shutting down
2025/10/10 09:42:59 [notice] 22#22: exit
2025/10/10 09:42:59 [notice] 31#31: gracefully shutting down
2025/10/10 09:42:59 [notice] 30#30: gracefully shutting down
2025/10/10 09:42:59 [notice] 32#32: gracefully shutting down
2025/10/10 09:42:59 [notice] 23#23: gracefully shutting down
2025/10/10 09:42:59 [notice] 21#21: exiting
2025/10/10 09:42:59 [notice] 26#26: exiting
2025/10/10 09:42:59 [notice] 25#25: exiting
2025/10/10 09:42:59 [notice] 24#24: exit
2025/10/10 09:42:59 [notice] 27#27: exiting
2025/10/10 09:42:59 [notice] 21#21: exit
2025/10/10 09:42:59 [notice] 29#29: exiting
2025/10/10 09:42:59 [notice] 28#28: exiting
2025/10/10 09:42:59 [notice] 31#31: exiting
2025/10/10 09:42:59 [notice] 30#30: exiting
2025/10/10 09:42:59 [notice] 32#32: exiting
2025/10/10 09:42:59 [notice] 28#28: exit
2025/10/10 09:42:59 [notice] 23#23: exiting
2025/10/10 09:42:59 [notice] 30#30: exit
2025/10/10 09:42:59 [notice] 26#26: exit
2025/10/10 09:42:59 [notice] 25#25: exit
2025/10/10 09:42:59 [notice] 27#27: exit
2025/10/10 09:42:59 [notice] 29#29: exit
2025/10/10 09:42:59 [notice] 31#31: exit
2025/10/10 09:42:59 [notice] 32#32: exit
2025/10/10 09:42:59 [notice] 23#23: exit
2025/10/10 09:42:59 [notice] 1#1: signal 17 (SIGCHLD) received from 21
2025/10/10 09:42:59 [notice] 1#1: worker process 21 exited with code 0
2025/10/10 09:42:59 [notice] 1#1: worker process 23 exited with code 0
2025/10/10 09:42:59 [notice] 1#1: worker process 27 exited with code 0
2025/10/10 09:42:59 [notice] 1#1: signal 29 (SIGIO) received
2025/10/10 09:42:59 [notice] 1#1: signal 17 (SIGCHLD) received from 27
2025/10/10 09:42:59 [notice] 1#1: signal 17 (SIGCHLD) received from 29
2025/10/10 09:42:59 [notice] 1#1: worker process 22 exited with code 0
2025/10/10 09:42:59 [notice] 1#1: worker process 24 exited with code 0
2025/10/10 09:42:59 [notice] 1#1: worker process 25 exited with code 0
2025/10/10 09:42:59 [notice] 1#1: worker process 26 exited with code 0
2025/10/10 09:42:59 [notice] 1#1: worker process 28 exited with code 0
2025/10/10 09:42:59 [notice] 1#1: worker process 29 exited with code 0
2025/10/10 09:42:59 [notice] 1#1: worker process 30 exited with code 0
2025/10/10 09:42:59 [notice] 1#1: worker process 31 exited with code 0
2025/10/10 09:42:59 [notice] 1#1: worker process 32 exited with code 0
2025/10/10 09:42:59 [notice] 1#1: exit
2025/10/10 09:48:49 [notice] 1#1: using the "epoll" event method
2025/10/10 09:48:49 [notice] 1#1: nginx/1.29.2
2025/10/10 09:48:49 [notice] 1#1: built by gcc 14.2.0 (Alpine 14.2.0) 
2025/10/10 09:48:49 [notice] 1#1: OS: Linux 6.10.14-linuxkit
2025/10/10 09:48:49 [notice] 1#1: getrlimit(RLIMIT_NOFILE): 1048576:1048576
2025/10/10 09:48:49 [notice] 1#1: start worker processes
2025/10/10 09:48:49 [notice] 1#1: start worker process 21
2025/10/10 09:48:49 [notice] 1#1: start worker process 22
2025/10/10 09:48:49 [notice] 1#1: start worker process 23
2025/10/10 09:48:49 [notice] 1#1: start worker process 24
2025/10/10 09:48:49 [notice] 1#1: start worker process 25
2025/10/10 09:48:49 [notice] 1#1: start worker process 26
2025/10/10 09:48:49 [notice] 1#1: start worker process 27
2025/10/10 09:48:49 [notice] 1#1: start worker process 28
2025/10/10 09:48:49 [notice] 1#1: start worker process 29
2025/10/10 09:48:49 [notice] 1#1: start worker process 30
2025/10/10 09:48:49 [notice] 1#1: start worker process 31
2025/10/10 09:48:49 [notice] 1#1: start worker process 32
2025/10/10 09:52:42 [notice] 1#1: signal 3 (SIGQUIT) received, shutting down
2025/10/10 09:52:42 [notice] 21#21: gracefully shutting down
2025/10/10 09:52:42 [notice] 26#26: gracefully shutting down
2025/10/10 09:52:42 [notice] 22#22: gracefully shutting down
2025/10/10 09:52:42 [notice] 23#23: gracefully shutting down
2025/10/10 09:52:42 [notice] 24#24: gracefully shutting down
2025/10/10 09:52:42 [notice] 25#25: gracefully shutting down
2025/10/10 09:52:42 [notice] 27#27: gracefully shutting down
2025/10/10 09:52:42 [notice] 29#29: gracefully shutting down
2025/10/10 09:52:42 [notice] 28#28: gracefully shutting down
2025/10/10 09:52:42 [notice] 31#31: gracefully shutting down
2025/10/10 09:52:42 [notice] 30#30: gracefully shutting down
2025/10/10 09:52:42 [notice] 32#32: gracefully shutting down
2025/10/10 09:52:42 [notice] 21#21: exiting
2025/10/10 09:52:42 [notice] 26#26: exiting
2025/10/10 09:52:42 [notice] 22#22: exiting
2025/10/10 09:52:42 [notice] 23#23: exiting
2025/10/10 09:52:42 [notice] 24#24: exiting
2025/10/10 09:52:42 [notice] 23#23: exit
2025/10/10 09:52:42 [notice] 25#25: exiting
2025/10/10 09:52:42 [notice] 27#27: exiting
2025/10/10 09:52:42 [notice] 29#29: exiting
2025/10/10 09:52:42 [notice] 28#28: exiting
2025/10/10 09:52:42 [notice] 27#27: exit
2025/10/10 09:52:42 [notice] 31#31: exiting
2025/10/10 09:52:42 [notice] 30#30: exiting
2025/10/10 09:52:42 [notice] 32#32: exiting
2025/10/10 09:52:42 [notice] 21#21: exit
2025/10/10 09:52:42 [notice] 26#26: exit
2025/10/10 09:52:42 [notice] 22#22: exit
2025/10/10 09:52:42 [notice] 24#24: exit
2025/10/10 09:52:42 [notice] 25#25: exit
2025/10/10 09:52:42 [notice] 29#29: exit
2025/10/10 09:52:42 [notice] 28#28: exit
2025/10/10 09:52:42 [notice] 31#31: exit
2025/10/10 09:52:42 [notice] 30#30: exit
2025/10/10 09:52:42 [notice] 32#32: exit
2025/10/10 09:52:42 [notice] 1#1: signal 17 (SIGCHLD) received from 22
2025/10/10 09:52:42 [notice] 1#1: worker process 22 exited with code 0
2025/10/10 09:52:42 [notice] 1#1: worker process 24 exited with code 0
2025/10/10 09:52:42 [notice] 1#1: worker process 28 exited with code 0
2025/10/10 09:52:42 [notice] 1#1: worker process 30 exited with code 0
2025/10/10 09:52:42 [notice] 1#1: worker process 32 exited with code 0
2025/10/10 09:52:42 [notice] 1#1: signal 29 (SIGIO) received
2025/10/10 09:52:42 [notice] 1#1: signal 17 (SIGCHLD) received from 30
2025/10/10 09:52:42 [notice] 1#1: signal 17 (SIGCHLD) received from 27
2025/10/10 09:52:42 [notice] 1#1: worker process 25 exited with code 0
2025/10/10 09:52:42 [notice] 1#1: worker process 23 exited with code 0
2025/10/10 09:52:42 [notice] 1#1: worker process 26 exited with code 0
2025/10/10 09:52:42 [notice] 1#1: worker process 27 exited with code 0
2025/10/10 09:52:42 [notice] 1#1: worker process 29 exited with code 0
2025/10/10 09:52:42 [notice] 1#1: signal 29 (SIGIO) received
2025/10/10 09:52:42 [notice] 1#1: signal 17 (SIGCHLD) received from 25
2025/10/10 09:52:42 [notice] 1#1: signal 17 (SIGCHLD) received from 31
2025/10/10 09:52:42 [notice] 1#1: worker process 31 exited with code 0
2025/10/10 09:52:42 [notice] 1#1: signal 29 (SIGIO) received
2025/10/10 09:52:42 [notice] 1#1: signal 17 (SIGCHLD) received from 21
2025/10/10 09:52:42 [notice] 1#1: worker process 21 exited with code 0
2025/10/10 09:52:42 [notice] 1#1: exit
2025/10/10 09:53:06 [notice] 1#1: using the "epoll" event method
2025/10/10 09:53:06 [notice] 1#1: nginx/1.29.2
2025/10/10 09:53:06 [notice] 1#1: built by gcc 14.2.0 (Alpine 14.2.0) 
2025/10/10 09:53:06 [notice] 1#1: OS: Linux 6.10.14-linuxkit
2025/10/10 09:53:06 [notice] 1#1: getrlimit(RLIMIT_NOFILE): 1048576:1048576
2025/10/10 09:53:06 [notice] 1#1: start worker processes
2025/10/10 09:53:06 [notice] 1#1: start worker process 21
2025/10/10 09:53:06 [notice] 1#1: start worker process 22
2025/10/10 09:53:06 [notice] 1#1: start worker process 23
2025/10/10 09:53:06 [notice] 1#1: start worker process 24
2025/10/10 09:53:06 [notice] 1#1: start worker process 25
2025/10/10 09:53:06 [notice] 1#1: start worker process 26
2025/10/10 09:53:06 [notice] 1#1: start worker process 27
2025/10/10 09:53:06 [notice] 1#1: start worker process 28
2025/10/10 09:53:06 [notice] 1#1: start worker process 29
2025/10/10 09:53:06 [notice] 1#1: start worker process 30
2025/10/10 09:53:06 [notice] 1#1: start worker process 31
2025/10/10 09:53:06 [notice] 1#1: start worker process 32
